<?xml version="1.0" encoding="UTF-8"?>
<!-- Generated by org.testng.reporters.JUnitXMLReporter -->
<testsuite ignored="0" hostname="DESKTOP-58JMB5O" failures="0" tests="1" name="SmokeTests" time="0.283" errors="0" timestamp="2026-02-19T00:25:26 IST">
  <testcase classname="Tests.smoke" name="@BeforeMethod setUp" time="-1.771440926805E9">
    <failure type="org.testng.TestNGException" message="
Parameter &amp;apos;url&amp;apos; is required by BeforeMethod on method setUp but has not been marked @Optional or defined
in C:\Users\HP\OneDrive\Desktop\New folder\HybridFramework\smoke-testng.xml">
      <![CDATA[org.testng.TestNGException: 
Parameter 'url' is required by BeforeMethod on method setUp but has not been marked @Optional or defined
in C:\Users\HP\OneDrive\Desktop\New folder\HybridFramework\smoke-testng.xml
at java.base/java.util.ArrayList.forEach(ArrayList.java:1596)
... Removed 28 stack frames]]>
    </failure>
  </testcase> <!-- @BeforeMethod setUp -->
  <testcase classname="Tests.smoke" name="@AfterMethod tearDown" time="0.0">
    <skipped/>
  </testcase> <!-- @AfterMethod tearDown -->
  <testcase classname="Tests.smoke" name="testLoginFunctionality" time="0.0">
    <skipped/>
  </testcase> <!-- testLoginFunctionality -->
</testsuite> <!-- SmokeTests -->
