<?xml version="1.0" encoding="UTF-8"?>
<!-- Generated by org.testng.reporters.JUnitXMLReporter -->
<testsuite ignored="1" hostname="DESKTOP-58JMB5O" failures="0" tests="4" name="Default test" time="18.88" errors="0" timestamp="2026-02-19T00:46:28 IST">
  <testcase classname="Tests.AllUserLogins" name="testLoginFunctionality" time="0.386"/>
  <testcase classname="Tests.AllUserLogins" name="testLoginFunctionality" time="0.391"/>
  <testcase classname="Tests.AllUserLogins" name="testLoginFunctionality" time="0.404"/>
  <testcase classname="Tests.AllUserLogins" name="testLoginFunctionality" time="0.39"/>
  <testcase classname="Tests.AllUserLogins" name="testAllUserLogins" time="0.0">
    <ignored/>
  </testcase> <!-- testAllUserLogins -->
</testsuite> <!-- Default test -->
