<?xml version="1.0" encoding="UTF-8"?>
<testng-results ignored="0" total="2" passed="2" failed="0" skipped="0">
  <reporter-output>
  </reporter-output>
  <suite started-at="2026-01-15T21:59:40 IST" name="Default suite" finished-at="2026-01-15T21:59:53 IST" duration-ms="13078">
    <groups>
    </groups>
    <test started-at="2026-01-15T21:59:40 IST" name="Default test" finished-at="2026-01-15T21:59:53 IST" duration-ms="13078">
      <class name="Tests.ProductNameTest">
        <test-method is-config="true" signature="setUp()[pri:0, instance:Tests.ProductNameTest@4d9e68d0]" started-at="2026-01-15T21:59:40 IST" name="setUp" finished-at="2026-01-15T21:59:46 IST" duration-ms="6146" status="PASS">
          <reporter-output>
          </reporter-output>
        </test-method> <!-- setUp -->
        <test-method signature="checkItemNames()[pri:1, instance:Tests.ProductNameTest@4d9e68d0]" started-at="2026-01-15T21:59:46 IST" name="checkItemNames" finished-at="2026-01-15T21:59:47 IST" duration-ms="621" status="PASS">
          <reporter-output>
          </reporter-output>
        </test-method> <!-- checkItemNames -->
        <test-method is-config="true" signature="tearDown()[pri:0, instance:Tests.ProductNameTest@4d9e68d0]" started-at="2026-01-15T21:59:47 IST" name="tearDown" finished-at="2026-01-15T21:59:48 IST" duration-ms="557" status="PASS">
          <reporter-output>
          </reporter-output>
        </test-method> <!-- tearDown -->
        <test-method is-config="true" signature="setUp()[pri:0, instance:Tests.ProductNameTest@4d9e68d0]" started-at="2026-01-15T21:59:48 IST" name="setUp" finished-at="2026-01-15T21:59:52 IST" duration-ms="4149" status="PASS">
          <reporter-output>
          </reporter-output>
        </test-method> <!-- setUp -->
        <test-method signature="checkPrice()[pri:0, instance:Tests.ProductNameTest@4d9e68d0]" started-at="2026-01-15T21:59:52 IST" name="checkPrice" finished-at="2026-01-15T21:59:53 IST" depends-on-methods="Tests.ProductNameTest.checkItemNames" duration-ms="821" status="PASS">
          <reporter-output>
          </reporter-output>
        </test-method> <!-- checkPrice -->
        <test-method is-config="true" signature="tearDown()[pri:0, instance:Tests.ProductNameTest@4d9e68d0]" started-at="2026-01-15T21:59:53 IST" name="tearDown" finished-at="2026-01-15T21:59:53 IST" duration-ms="709" status="PASS">
          <reporter-output>
          </reporter-output>
        </test-method> <!-- tearDown -->
      </class> <!-- Tests.ProductNameTest -->
    </test> <!-- Default test -->
  </suite> <!-- Default suite -->
</testng-results>
