<?xml version="1.0" encoding="UTF-8"?>
<!-- Generated by org.testng.reporters.JUnitReportReporter -->
<testsuite hostname="DESKTOP-58JMB5O" failures="0" tests="2" name="Tests.ProductNameTest" time="13.003" errors="0" timestamp="2026-01-15T21:59:53 IST" skipped="0">
  <testcase classname="Tests.ProductNameTest" name="checkPrice" time="5.527"/>
  <system-out/>
  <testcase classname="Tests.ProductNameTest" name="checkItemNames" time="7.476"/>
  <system-out/>
</testsuite> <!-- Tests.ProductNameTest -->
