<?xml version="1.0" encoding="UTF-8"?>
<!-- Generated by org.testng.reporters.JUnitReportReporter -->
<testsuite hostname="DESKTOP-58JMB5O" failures="0" tests="5" name="Tests.AllUserLogins" time="18.765" errors="0" timestamp="2026-02-19T00:46:29 IST" skipped="1">
  <testcase classname="Tests.AllUserLogins" name="testLoginFunctionality" time="4.399"/>
  <testcase classname="Tests.AllUserLogins" name="testLoginFunctionality" time="4.099"/>
  <testcase classname="Tests.AllUserLogins" name="testLoginFunctionality" time="5.176"/>
  <testcase classname="Tests.AllUserLogins" name="testLoginFunctionality" time="5.091"/>
  <testcase classname="Tests.AllUserLogins" name="testAllUserLogins">
    <skipped/>
  </testcase> <!-- testAllUserLogins -->
</testsuite> <!-- Tests.AllUserLogins -->
