<?xml version="1.0" encoding="UTF-8"?>
<!-- Generated by org.testng.reporters.JUnitReportReporter -->
<testsuite hostname="DESKTOP-58JMB5O" failures="0" tests="6" name="BDD.CucumberTestRunner" time="104.831" errors="0" timestamp="2025-10-19T20:16:18 IST" skipped="0">
  <testcase classname="BDD.CucumberTestRunner" name="runScenario" time="11.983"/>
  <system-out/>
  <testcase classname="BDD.CucumberTestRunner" name="runScenario" time="15.972"/>
  <system-out/>
  <testcase classname="BDD.CucumberTestRunner" name="runScenario" time="9.071"/>
  <system-out/>
  <testcase classname="BDD.CucumberTestRunner" name="runScenario" time="51.699"/>
  <system-out/>
  <testcase classname="BDD.CucumberTestRunner" name="runScenario" time="8.291"/>
  <system-out/>
  <testcase classname="BDD.CucumberTestRunner" name="runScenario" time="7.815"/>
  <system-out/>
</testsuite> <!-- BDD.CucumberTestRunner -->
